StudentApp/app/build/outputs/apk/manifest-merger-release-report.txt
-- Merging decision tree log ---
manifest
ADDED from AndroidManifest.xml:4:1
	xmlns:android
		ADDED from AndroidManifest.xml:4:11
	package
		ADDED from AndroidManifest.xml:5:5
		INJECTED from AndroidManifest.xml:0:0
		INJECTED from AndroidManifest.xml:0:0
	android:versionName
		INJECTED from AndroidManifest.xml:0:0
		INJECTED from AndroidManifest.xml:0:0
	android:versionCode
		INJECTED from AndroidManifest.xml:0:0
		INJECTED from AndroidManifest.xml:0:0
uses-permission#android.permission.INTERNET
ADDED from AndroidManifest.xml:9:5
	android:name
		ADDED from AndroidManifest.xml:9:22
uses-permission#android.permission.ACCESS_NETWORK_STATE
ADDED from AndroidManifest.xml:11:5
	android:name
		ADDED from AndroidManifest.xml:11:22
uses-permission#android.permission.ACCESS_WIFI_STATE
ADDED from AndroidManifest.xml:13:5
	android:name
		ADDED from AndroidManifest.xml:13:22
application
ADDED from AndroidManifest.xml:16:5
MERGED from com.android.support:appcompat-v7:21.0.3:16:5
MERGED from com.android.support:support-v4:21.0.3:16:5
	android:label
		ADDED from AndroidManifest.xml:18:9
	android:allowBackup
		ADDED from AndroidManifest.xml:17:9
	android:icon
		ADDED from AndroidManifest.xml:20:9
	android:theme
		ADDED from AndroidManifest.xml:19:9
activity#com.wavemedia.studentapp.QuestionActivity
ADDED from AndroidManifest.xml:23:9
	android:windowSoftInputMode
		ADDED from AndroidManifest.xml:28:13
	android:screenOrientation
		ADDED from AndroidManifest.xml:27:13
	android:label
		ADDED from AndroidManifest.xml:25:13
	android:parentActivityName
		ADDED from AndroidManifest.xml:26:13
	android:name
		ADDED from AndroidManifest.xml:24:13
meta-data#android.support.PARENT_ACTIVITY
ADDED from AndroidManifest.xml:29:13
	android:name
		ADDED from AndroidManifest.xml:30:17
	android:value
		ADDED from AndroidManifest.xml:31:17
activity#com.wavemedia.studentapp.Open
ADDED from AndroidManifest.xml:35:9
	android:windowSoftInputMode
		ADDED from AndroidManifest.xml:39:13
	android:screenOrientation
		ADDED from AndroidManifest.xml:38:13
	android:label
		ADDED from AndroidManifest.xml:37:13
	android:name
		ADDED from AndroidManifest.xml:36:13
intent-filter#android.intent.action.MAIN+android.intent.category.LAUNCHER
ADDED from AndroidManifest.xml:40:13
action#android.intent.action.MAIN
ADDED from AndroidManifest.xml:41:17
	android:name
		ADDED from AndroidManifest.xml:41:25
category#android.intent.category.LAUNCHER
ADDED from AndroidManifest.xml:42:17
	android:name
		ADDED from AndroidManifest.xml:42:27
uses-sdk
INJECTED from AndroidManifest.xml:0:0 reason: use-sdk injection requested
MERGED from com.android.support:appcompat-v7:21.0.3:15:5
MERGED from com.android.support:support-v4:21.0.3:15:5
	android:targetSdkVersion
		INJECTED from AndroidManifest.xml:0:0
		INJECTED from AndroidManifest.xml:0:0
	android:minSdkVersion
		INJECTED from AndroidManifest.xml:0:0
		INJECTED from AndroidManifest.xml:0:0